<?xml version="1.0" encoding="UTF-8"?>
<testsuite xmlns:xsi="http://www.w3.org/2001/XMLSchema-instance" xsi:noNamespaceSchemaLocation="https://maven.apache.org/surefire/maven-surefire-plugin/xsd/surefire-test-report-3.0.xsd" version="3.0" name="com.example.zeromonos.BookingTest" time="0.029" tests="20" errors="0" skipped="0" failures="0">
  <properties>
[...]
</properties>
  <testcase name="PassValidationWhenAllFieldsValid" classname="com.example.zeromonos.BookingTest" time="0.009"/>
  <testcase name="FailWhenDateMissing" classname="com.example.zeromonos.BookingTest" time="0.001"/>
  <testcase name="ValidateMultipleValidBookings" classname="com.example.zeromonos.BookingTest" time="0"/>
  <testcase name="ValidateMultipleValidBookings" classname="com.example.zeromonos.BookingTest" time="0.001"/>
  <testcase name="ValidateMultipleValidBookings" classname="com.example.zeromonos.BookingTest" time="0"/>
  <testcase name="AddMultipleStatesShouldKeepOrder" classname="com.example.zeromonos.BookingTest" time="0"/>
  <testcase name="FailWhenTimeSlotMissing" classname="com.example.zeromonos.BookingTest" time="0.001"/>
  <testcase name="FailWhenMunicipalityMissing" classname="com.example.zeromonos.BookingTest" time="0.001"/>
  <testcase name="FailWhenDateIsWeekend" classname="com.example.zeromonos.BookingTest" time="0"/>
  <testcase name="EachBookingHasUniqueToken" classname="com.example.zeromonos.BookingTest" time="0.001"/>
  <testcase name="FailWhenDescriptionMissing" classname="com.example.zeromonos.BookingTest" time="0"/>
  <testcase name="AddNewStateAndKeepHistory" classname="com.example.zeromonos.BookingTest" time="0"/>
  <testcase name="InitializeWithReceivedStateAndToken" classname="com.example.zeromonos.BookingTest" time="0.001"/>
  <testcase name="FailWhenDateTooSoon" classname="com.example.zeromonos.BookingTest" time="0"/>
  <testcase name="HistoryShouldContainTimestampsInOrder" classname="com.example.zeromonos.BookingTest" time="0"/>
  <testcase name="SetAndGetFields" classname="com.example.zeromonos.BookingTest" time="0"/>
  <testcase name="ChangeStateToCancelled" classname="com.example.zeromonos.BookingTest" time="0"/>
  <testcase name="AddingSameStateTwiceDoesNotDuplicate" classname="com.example.zeromonos.BookingTest" time="0.001"/>
  <testcase name="ShouldAllowFutureDates" classname="com.example.zeromonos.BookingTest" time="0"/>
  <testcase name="StoreStatusAndTimestamp" classname="com.example.zeromonos.BookingTest" time="0"/>
</testsuite>