<?xml version="1.0" encoding="UTF-8"?>
<testsuite xmlns:xsi="http://www.w3.org/2001/XMLSchema-instance" xsi:noNamespaceSchemaLocation="https://maven.apache.org/surefire/maven-surefire-plugin/xsd/surefire-test-report-3.0.xsd" version="3.0" name="com.example.zeromonos.RunCucumberTest" time="29.661" tests="4" errors="0" skipped="0" failures="0">
  <properties>
[...]
</properties>
  <testcase name="Criar, consultar e cancelar um pedido válido" classname="Gestão de pedidos de recolha de lixo" time="11.911">
    <system-out><![CDATA[20:03:38.064 [main] INFO org.springframework.test.context.support.AnnotationConfigContextLoaderUtils -- Could not detect default configuration classes for test class [com.example.zeromonos.CucumberSpringConfiguration]: CucumberSpringConfiguration does not declare any static, non-private, non-final, nested classes annotated with @Configuration.
20:03:38.112 [main] INFO org.springframework.boot.test.context.SpringBootTestContextBootstrapper -- Found @SpringBootConfiguration com.example.zeromonos.ZeromonosApplication for test class com.example.zeromonos.CucumberSpringConfiguration
20:03:38.191 [main] INFO org.springframework.boot.devtools.restart.RestartApplicationListener -- Restart disabled due to context in which it is running

  .   ____          _            __ _ _
 /\\ / ___'_ __ _ _(_)_ __  __ _ \ \ \ \
( ( )\___ | '_ | '_| | '_ \/ _` | \ \ \ \
 \\/  ___)| |_)| | | | | || (_| |  ) ) ) )
  '  |____| .__|_| |_|_| |_\__, | / / / /
 =========|_|==============|___/=/_/_/_/

 :: Spring Boot ::                (v3.5.7)

2025-11-03T20:03:38.344Z  INFO 96161 --- [           main] c.e.z.CucumberSpringConfiguration        : Starting CucumberSpringConfiguration using Java 25 with PID 96161 (started by lucas in /Users/lucas/Desktop/TQS/tqs-indiv-portfolio-lucasruivo/HW1)
2025-11-03T20:03:38.344Z  INFO 96161 --- [           main] c.e.z.CucumberSpringConfiguration        : No active profile set, falling back to 1 default profile: "default"
2025-11-03T20:03:38.679Z  INFO 96161 --- [           main] .s.d.r.c.RepositoryConfigurationDelegate : Bootstrapping Spring Data JPA repositories in DEFAULT mode.
2025-11-03T20:03:38.827Z  INFO 96161 --- [           main] .s.d.r.c.RepositoryConfigurationDelegate : Finished Spring Data repository scanning in 143 ms. Found 1 JPA repository interface.
2025-11-03T20:03:39.074Z  INFO 96161 --- [           main] o.s.b.w.embedded.tomcat.TomcatWebServer  : Tomcat initialized with port 8080 (http)
2025-11-03T20:03:39.087Z  INFO 96161 --- [           main] o.apache.catalina.core.StandardService   : Starting service [Tomcat]
2025-11-03T20:03:39.088Z  INFO 96161 --- [           main] o.apache.catalina.core.StandardEngine    : Starting Servlet engine: [Apache Tomcat/10.1.48]
2025-11-03T20:03:39.112Z  INFO 96161 --- [           main] o.a.c.c.C.[Tomcat].[localhost].[/]       : Initializing Spring embedded WebApplicationContext
2025-11-03T20:03:39.112Z  INFO 96161 --- [           main] w.s.c.ServletWebServerApplicationContext : Root WebApplicationContext: initialization completed in 760 ms
2025-11-03T20:03:39.186Z  INFO 96161 --- [           main] com.zaxxer.hikari.HikariDataSource       : HikariPool-1 - Starting...
2025-11-03T20:03:39.354Z  INFO 96161 --- [           main] com.zaxxer.hikari.pool.HikariPool        : HikariPool-1 - Added connection conn0: url=jdbc:h2:mem:d4bb20a6-8307-4bec-bf74-a26a3546a097 user=SA
2025-11-03T20:03:39.355Z  INFO 96161 --- [           main] com.zaxxer.hikari.HikariDataSource       : HikariPool-1 - Start completed.
2025-11-03T20:03:39.383Z  INFO 96161 --- [           main] o.hibernate.jpa.internal.util.LogHelper  : HHH000204: Processing PersistenceUnitInfo [name: default]
2025-11-03T20:03:39.417Z  INFO 96161 --- [           main] org.hibernate.Version                    : HHH000412: Hibernate ORM core version 6.6.33.Final
2025-11-03T20:03:39.439Z  INFO 96161 --- [           main] o.h.c.internal.RegionFactoryInitiator    : HHH000026: Second-level cache disabled
2025-11-03T20:03:39.616Z  INFO 96161 --- [           main] o.s.o.j.p.SpringPersistenceUnitInfo      : No LoadTimeWeaver setup: ignoring JPA class transformer
2025-11-03T20:03:39.689Z  INFO 96161 --- [           main] org.hibernate.orm.connections.pooling    : HHH10001005: Database info:
	Database JDBC URL [Connecting through datasource 'HikariDataSource (HikariPool-1)']
	Database driver: undefined/unknown
	Database version: 2.3.232
	Autocommit mode: undefined/unknown
	Isolation level: undefined/unknown
	Minimum pool size: undefined/unknown
	Maximum pool size: undefined/unknown
2025-11-03T20:03:40.912Z  INFO 96161 --- [           main] o.h.e.t.j.p.i.JtaPlatformInitiator       : HHH000489: No JTA platform available (set 'hibernate.transaction.jta.platform' to enable JTA platform integration)
2025-11-03T20:03:41.090Z  INFO 96161 --- [           main] j.LocalContainerEntityManagerFactoryBean : Initialized JPA EntityManagerFactory for persistence unit 'default'
2025-11-03T20:03:42.623Z  WARN 96161 --- [           main] JpaBaseConfiguration$JpaWebConfiguration : spring.jpa.open-in-view is enabled by default. Therefore, database queries may be performed during view rendering. Explicitly configure spring.jpa.open-in-view to disable this warning
2025-11-03T20:03:42.716Z  INFO 96161 --- [           main] o.s.b.a.w.s.WelcomePageHandlerMapping    : Adding welcome page: class path resource [static/index.html]
2025-11-03T20:03:44.109Z  INFO 96161 --- [           main] o.s.b.w.embedded.tomcat.TomcatWebServer  : Tomcat started on port 8080 (http) with context path '/'
2025-11-03T20:03:44.127Z  INFO 96161 --- [           main] c.e.z.CucumberSpringConfiguration        : Started CucumberSpringConfiguration in 5.94 seconds (process running for 6.651)

Scenario: Criar, consultar e cancelar um pedido válido                                    &amp#27;[90m# features/citizen_booking.feature:3&amp#27;[0m
2025-11-03T20:03:46.784Z  INFO 96161 --- [nio-8080-exec-1] o.a.c.c.C.[Tomcat].[localhost].[/]       : Initializing Spring DispatcherServlet 'dispatcherServlet'
2025-11-03T20:03:46.785Z  INFO 96161 --- [nio-8080-exec-1] o.s.web.servlet.DispatcherServlet        : Initializing Servlet 'dispatcherServlet'
2025-11-03T20:03:46.786Z  INFO 96161 --- [nio-8080-exec-1] o.s.web.servlet.DispatcherServlet        : Completed initialization in 1 ms
  &amp#27;[32mGiven &amp#27;[0m&amp#27;[32mque estou na página inicial do cidadão&amp#27;[0m                                            &amp#27;[90m# com.example.zeromonos.CitizenSteps.open_homepage()&amp#27;[0m
2025-11-03T20:03:46.961Z ERROR 96161 --- [nio-8080-exec-4] c.e.z.boundary.GlobalExceptionHandler    : Erro inesperado: No static resource favicon.ico.
  &amp#27;[32mWhen &amp#27;[0m&amp#27;[32mpreencho o formulário com &amp#27;[0m&amp#27;[32m&amp#27;[1m"Lisboa"&amp#27;[0m&amp#27;[32m, &amp#27;[0m&amp#27;[32m&amp#27;[1m"Teste funcional"&amp#27;[0m&amp#27;[32m, &amp#27;[0m&amp#27;[32m&amp#27;[1m"2025-11-19"&amp#27;[0m&amp#27;[32m, &amp#27;[0m&amp#27;[32m&amp#27;[1m"09:00-11:00"&amp#27;[0m &amp#27;[90m# com.example.zeromonos.CitizenSteps.fill_form(java.lang.String,java.lang.String,java.lang.String,java.lang.String)&amp#27;[0m
  &amp#27;[32mAnd &amp#27;[0m&amp#27;[32msubmeto o pedido&amp#27;[0m                                                                    &amp#27;[90m# com.example.zeromonos.CitizenSteps.submit_booking()&amp#27;[0m
2025-11-03T20:03:47.882Z  INFO 96161 --- [nio-8080-exec-5] c.e.z.boundary.BookingController         : Criar novo booking: município=Lisboa, data=2025-11-19, timeslot=09:00-11:00
  &amp#27;[32mThen &amp#27;[0m&amp#27;[32mdevo ver uma mensagem de sucesso com um código&amp#27;[0m                                     &amp#27;[90m# com.example.zeromonos.CitizenSteps.check_success_message()&amp#27;[0m
  &amp#27;[32mWhen &amp#27;[0m&amp#27;[32mconsulto o pedido com o token retornado&amp#27;[0m                                            &amp#27;[90m# com.example.zeromonos.CitizenSteps.consult_booking_with_token()&amp#27;[0m
2025-11-03T20:03:48.626Z  INFO 96161 --- [nio-8080-exec-6] c.e.z.boundary.BookingController         : Consultar booking pelo token: 41c481db-f5eb-4c42-9fde-ba515baf02b9
  &amp#27;[32mThen &amp#27;[0m&amp#27;[32mdevo ver o pedido com descrição &amp#27;[0m&amp#27;[32m&amp#27;[1m"Teste funcional"&amp#27;[0m&amp#27;[32m e horário &amp#27;[0m&amp#27;[32m&amp#27;[1m"09:00-11:00"&amp#27;[0m          &amp#27;[90m# com.example.zeromonos.CitizenSteps.verify_booking_details(java.lang.String,java.lang.String)&amp#27;[0m
  &amp#27;[32mWhen &amp#27;[0m&amp#27;[32mcancelo o pedido&amp#27;[0m                                                                   &amp#27;[90m# com.example.zeromonos.CitizenSteps.cancel_booking()&amp#27;[0m
2025-11-03T20:03:49.256Z  INFO 96161 --- [nio-8080-exec-7] c.e.z.boundary.BookingController         : Cancelar booking token=41c481db-f5eb-4c42-9fde-ba515baf02b9
2025-11-03T20:03:49.286Z  INFO 96161 --- [nio-8080-exec-8] c.e.z.boundary.BookingController         : Consultar booking pelo token: 41c481db-f5eb-4c42-9fde-ba515baf02b9
  &amp#27;[32mThen &amp#27;[0m&amp#27;[32mo estado do pedido deve ser &amp#27;[0m&amp#27;[32m&amp#27;[1m"CANCELADO"&amp#27;[0m                                            &amp#27;[90m# com.example.zeromonos.CitizenSteps.verify_booking_state(java.lang.String)&amp#27;[0m
]]></system-out>
    <system-err><![CDATA[Mockito is currently self-attaching to enable the inline-mock-maker. This will no longer work in future releases of the JDK. Please add Mockito as an agent to your build as described in Mockito's documentation: https://javadoc.io/doc/org.mockito/mockito-core/latest/org.mockito/org/mockito/Mockito.html#0.3
WARNING: A Java agent has been loaded dynamically (/Users/lucas/.m2/repository/net/bytebuddy/byte-buddy-agent/1.17.8/byte-buddy-agent-1.17.8.jar)
WARNING: If a serviceability tool is in use, please run with -XX:+EnableDynamicAgentLoading to hide this warning
WARNING: If a serviceability tool is not in use, please run with -Djdk.instrument.traceUsage for more information
WARNING: Dynamic loading of agents will be disallowed by default in a future release
]]></system-err>
  </testcase>
  <testcase name="Rejeitar pedido com município inválido" classname="Gestão de pedidos de recolha de lixo" time="2.232">
    <system-out><![CDATA[2025-11-03T20:03:49.928Z  INFO 96161 --- [           main] t.c.s.AnnotationConfigContextLoaderUtils : Could not detect default configuration classes for test class [com.example.zeromonos.CucumberSpringConfiguration]: CucumberSpringConfiguration does not declare any static, non-private, non-final, nested classes annotated with @Configuration.
2025-11-03T20:03:49.929Z  INFO 96161 --- [           main] .b.t.c.SpringBootTestContextBootstrapper : Found @SpringBootConfiguration com.example.zeromonos.ZeromonosApplication for test class com.example.zeromonos.CucumberSpringConfiguration

Scenario: Rejeitar pedido com município inválido                                                  &amp#27;[90m# features/citizen_booking.feature:13&amp#27;[0m
  &amp#27;[32mGiven &amp#27;[0m&amp#27;[32mque estou na página inicial do cidadão&amp#27;[0m                                                    &amp#27;[90m# com.example.zeromonos.CitizenSteps.open_homepage()&amp#27;[0m
2025-11-03T20:03:51.282Z ERROR 96161 --- [nio-8080-exec-5] c.e.z.boundary.GlobalExceptionHandler    : Erro inesperado: No static resource favicon.ico.
  &amp#27;[32mWhen &amp#27;[0m&amp#27;[32mpreencho o formulário com &amp#27;[0m&amp#27;[32m&amp#27;[1m"Atlantis"&amp#27;[0m&amp#27;[32m, &amp#27;[0m&amp#27;[32m&amp#27;[1m"Pedido teste inválido"&amp#27;[0m&amp#27;[32m, &amp#27;[0m&amp#27;[32m&amp#27;[1m"2025-11-20"&amp#27;[0m&amp#27;[32m, &amp#27;[0m&amp#27;[32m&amp#27;[1m"09:00-11:00"&amp#27;[0m &amp#27;[90m# com.example.zeromonos.CitizenSteps.fill_form(java.lang.String,java.lang.String,java.lang.String,java.lang.String)&amp#27;[0m
  &amp#27;[32mAnd &amp#27;[0m&amp#27;[32msubmeto o pedido&amp#27;[0m                                                                            &amp#27;[90m# com.example.zeromonos.CitizenSteps.submit_booking()&amp#27;[0m
2025-11-03T20:03:52.013Z  INFO 96161 --- [nio-8080-exec-6] c.e.z.boundary.BookingController         : Criar novo booking: município=, data=2025-11-20, timeslot=09:00-11:00
2025-11-03T20:03:52.016Z ERROR 96161 --- [nio-8080-exec-6] c.e.z.boundary.GlobalExceptionHandler    : Exceção capturada: Município é obrigatório.
  &amp#27;[32mThen &amp#27;[0m&amp#27;[32mdevo ver a mensagem de erro &amp#27;[0m&amp#27;[32m&amp#27;[1m"Município é obrigatório"&amp#27;[0m                                      &amp#27;[90m# com.example.zeromonos.CitizenSteps.check_error_message(java.lang.String)&amp#27;[0m
]]></system-out>
  </testcase>
  <testcase name="Rejeitar pedido com descrição demasiado curta" classname="Gestão de pedidos de recolha de lixo" time="2.473">
    <system-out><![CDATA[2025-11-03T20:03:52.161Z  INFO 96161 --- [           main] t.c.s.AnnotationConfigContextLoaderUtils : Could not detect default configuration classes for test class [com.example.zeromonos.CucumberSpringConfiguration]: CucumberSpringConfiguration does not declare any static, non-private, non-final, nested classes annotated with @Configuration.
2025-11-03T20:03:52.162Z  INFO 96161 --- [           main] .b.t.c.SpringBootTestContextBootstrapper : Found @SpringBootConfiguration com.example.zeromonos.ZeromonosApplication for test class com.example.zeromonos.CucumberSpringConfiguration

Scenario: Rejeitar pedido com descrição demasiado curta                      &amp#27;[90m# features/citizen_booking.feature:19&amp#27;[0m
  &amp#27;[32mGiven &amp#27;[0m&amp#27;[32mque estou na página inicial do cidadão&amp#27;[0m                               &amp#27;[90m# com.example.zeromonos.CitizenSteps.open_homepage()&amp#27;[0m
2025-11-03T20:03:53.881Z ERROR 96161 --- [io-8080-exec-10] c.e.z.boundary.GlobalExceptionHandler    : Erro inesperado: No static resource favicon.ico.
  &amp#27;[32mWhen &amp#27;[0m&amp#27;[32mpreencho o formulário com &amp#27;[0m&amp#27;[32m&amp#27;[1m"Lisboa"&amp#27;[0m&amp#27;[32m, &amp#27;[0m&amp#27;[32m&amp#27;[1m"Oi"&amp#27;[0m&amp#27;[32m, &amp#27;[0m&amp#27;[32m&amp#27;[1m"2025-11-21"&amp#27;[0m&amp#27;[32m, &amp#27;[0m&amp#27;[32m&amp#27;[1m"10:00-11:00"&amp#27;[0m &amp#27;[90m# com.example.zeromonos.CitizenSteps.fill_form(java.lang.String,java.lang.String,java.lang.String,java.lang.String)&amp#27;[0m
  &amp#27;[32mAnd &amp#27;[0m&amp#27;[32msubmeto o pedido&amp#27;[0m                                                       &amp#27;[90m# com.example.zeromonos.CitizenSteps.submit_booking()&amp#27;[0m
2025-11-03T20:03:54.372Z  INFO 96161 --- [nio-8080-exec-2] c.e.z.boundary.BookingController         : Criar novo booking: município=Lisboa, data=2025-11-21, timeslot=09:00-11:00
2025-11-03T20:03:54.373Z ERROR 96161 --- [nio-8080-exec-2] c.e.z.boundary.GlobalExceptionHandler    : Exceção capturada: Descrição inválida — demasiado curta
  &amp#27;[32mThen &amp#27;[0m&amp#27;[32mdevo ver a mensagem de erro &amp#27;[0m&amp#27;[32m&amp#27;[1m"Descrição inválida"&amp#27;[0m                      &amp#27;[90m# com.example.zeromonos.CitizenSteps.check_error_message(java.lang.String)&amp#27;[0m
]]></system-out>
  </testcase>
  <testcase name="Consultar pedido inexistente" classname="Gestão de pedidos de recolha de lixo" time="12.917">
    <system-out><![CDATA[2025-11-03T20:03:54.635Z  INFO 96161 --- [           main] t.c.s.AnnotationConfigContextLoaderUtils : Could not detect default configuration classes for test class [com.example.zeromonos.CucumberSpringConfiguration]: CucumberSpringConfiguration does not declare any static, non-private, non-final, nested classes annotated with @Configuration.
2025-11-03T20:03:54.638Z  INFO 96161 --- [           main] .b.t.c.SpringBootTestContextBootstrapper : Found @SpringBootConfiguration com.example.zeromonos.ZeromonosApplication for test class com.example.zeromonos.CucumberSpringConfiguration

Scenario: Consultar pedido inexistente                     &amp#27;[90m# features/citizen_booking.feature:25&amp#27;[0m
  &amp#27;[32mGiven &amp#27;[0m&amp#27;[32mque estou na página inicial do cidadão&amp#27;[0m             &amp#27;[90m# com.example.zeromonos.CitizenSteps.open_homepage()&amp#27;[0m
2025-11-03T20:03:56.661Z ERROR 96161 --- [nio-8080-exec-3] c.e.z.boundary.GlobalExceptionHandler    : Erro inesperado: No static resource favicon.ico.
  &amp#27;[32mWhen &amp#27;[0m&amp#27;[32mconsulto o pedido com token &amp#27;[0m&amp#27;[32m&amp#27;[1m"TOKEN_INEXISTENTE_123"&amp#27;[0m &amp#27;[90m# com.example.zeromonos.CitizenSteps.consult_booking_with_specific_token(java.lang.String)&amp#27;[0m
2025-11-03T20:03:56.991Z  INFO 96161 --- [nio-8080-exec-6] c.e.z.boundary.BookingController         : Consultar booking pelo token: TOKEN_INEXISTENTE_123
2025-11-03T20:03:56.995Z ERROR 96161 --- [nio-8080-exec-6] c.e.z.boundary.GlobalExceptionHandler    : Erro inesperado: Booking não encontrado
  &amp#27;[32mThen &amp#27;[0m&amp#27;[32mdevo ver a mensagem &amp#27;[0m&amp#27;[32m&amp#27;[1m"Reserva não encontrada"&amp#27;[0m        &amp#27;[90m# com.example.zeromonos.CitizenSteps.check_generic_message(java.lang.String)&amp#27;[0m
]]></system-out>
  </testcase>
</testsuite>